<?xml version="1.0" encoding="UTF-8"?>
<testsuite xmlns:xsi="http://www.w3.org/2001/XMLSchema-instance" xsi:noNamespaceSchemaLocation="https://maven.apache.org/surefire/maven-surefire-plugin/xsd/surefire-test-report-3.0.xsd" version="3.0" name="runner.Runner" time="56.95" tests="5" errors="0" skipped="0" failures="0">
  <properties>
[...]
</properties>
  <testcase name="Finalização de compra com sucesso" classname="Funcionalidade de Checkout" time="14.795">
    <system-out><![CDATA[
@Checkout @CT01
Scenario: FinalizaÃ§Ã£o de compra com sucesso                                         &amp#27;[90m# src/test/resources/features/Checkout.feature:8&amp#27;[0m
  &amp#27;[32mGiven &amp#27;[0m&amp#27;[32macessar sistema saucedemo&amp#27;[0m                                                   &amp#27;[90m# steps.CheckoutSteps.acessarSistema()&amp#27;[0m
  &amp#27;[32mWhen &amp#27;[0m&amp#27;[32madiciono o primeiro item da pÃ¡gina ao carrinho&amp#27;[0m                               &amp#27;[90m# steps.CheckoutSteps.adicionarSauceLabsBackpackAoCarrinho()&amp#27;[0m
  &amp#27;[32mAnd &amp#27;[0m&amp#27;[32macesso o carrinho e clico em checkout&amp#27;[0m                                         &amp#27;[90m# steps.CheckoutSteps.acessarCarrinhoFazerndoCheckout()&amp#27;[0m
  &amp#27;[32mAnd &amp#27;[0m&amp#27;[32mpreencho no formulÃ¡rio de checkout nome, sobrenome, and cep com dados vÃ¡lidos&amp#27;[0m &amp#27;[90m# steps.CheckoutSteps.preencheFormularioCheckoutComDadosValidos()&amp#27;[0m
  &amp#27;[32mAnd &amp#27;[0m&amp#27;[32mclico em Continue&amp#27;[0m                                                             &amp#27;[90m# steps.CheckoutSteps.clicarContinuar()&amp#27;[0m
  &amp#27;[32mAnd &amp#27;[0m&amp#27;[32mclico no botÃ£o em Finish&amp#27;[0m                                                      &amp#27;[90m# steps.CheckoutSteps.clicarFinalizar()&amp#27;[0m
  &amp#27;[32mThen &amp#27;[0m&amp#27;[32mo pedido Ã© finalizado com sucesso e exibe mensagem de confirmaÃ§Ã£o&amp#27;[0m            &amp#27;[90m# steps.CheckoutSteps.pedidoComSucesso()&amp#27;[0m
]]></system-out>
    <system-err><![CDATA[SLF4J: Failed to load class "org.slf4j.impl.StaticLoggerBinder".
SLF4J: Defaulting to no-operation (NOP) logger implementation
SLF4J: See http://www.slf4j.org/codes.html#StaticLoggerBinder for further details.
Starting ChromeDriver 130.0.6723.69 (3ec172b971b9478c515a58f591112c5c23fa4965-refs/branch-heads/6723@{#1452}) on port 14224
Only local connections are allowed.
Please see https://chromedriver.chromium.org/security-considerations for suggestions on keeping ChromeDriver safe.
ChromeDriver was started successfully on port 14224.
out 31, 2024 1:16:50 AM org.openqa.selenium.devtools.CdpVersionFinder findNearestMatch
WARNING: Unable to find CDP implementation matching 130
out 31, 2024 1:16:50 AM org.openqa.selenium.chromium.ChromiumDriver lambda$new$3
WARNING: Unable to find version of CDP to use for . You may need to include a dependency on a specific version of the CDP using something similar to `org.seleniumhq.selenium:selenium-devtools-v86:4.7.2` where the version ("v86") matches the version of the chromium-based browser you're using and the version number of the artifact is the same as Selenium's.
]]></system-err>
  </testcase>
  <testcase name="Criticar campos obrigatórios no checkout" classname="Funcionalidade de Checkout" time="10.309">
    <system-out><![CDATA[
@Checkout @CT02
Scenario: Criticar campos obrigatÃ³rios no checkout                     &amp#27;[90m# src/test/resources/features/Checkout.feature:17&amp#27;[0m
  &amp#27;[32mGiven &amp#27;[0m&amp#27;[32macessar sistema saucedemo&amp#27;[0m                                      &amp#27;[90m# steps.CheckoutSteps.acessarSistema()&amp#27;[0m
  &amp#27;[32mWhen &amp#27;[0m&amp#27;[32madiciono o primeiro item da pÃ¡gina ao carrinho&amp#27;[0m                  &amp#27;[90m# steps.CheckoutSteps.adicionarSauceLabsBackpackAoCarrinho()&amp#27;[0m
  &amp#27;[32mAnd &amp#27;[0m&amp#27;[32macesso o carrinho e clico em checkout&amp#27;[0m                            &amp#27;[90m# steps.CheckoutSteps.acessarCarrinhoFazerndoCheckout()&amp#27;[0m
  &amp#27;[32mAnd &amp#27;[0m&amp#27;[32mEu deixo os campos First Name, Last Name e Postal Code em branco&amp#27;[0m &amp#27;[90m# steps.CheckoutSteps.deixaFormularioCheckoutEmBranco()&amp#27;[0m
  &amp#27;[32mAnd &amp#27;[0m&amp#27;[32mclico em Continue&amp#27;[0m                                                &amp#27;[90m# steps.CheckoutSteps.clicarContinuar()&amp#27;[0m
  &amp#27;[32mThen &amp#27;[0m&amp#27;[32mapresenta a mensagem de erro Error First Name is required&amp#27;[0m       &amp#27;[90m# steps.CheckoutSteps.mensagemErroCamposObrigatorios()&amp#27;[0m
]]></system-out>
    <system-err><![CDATA[Starting ChromeDriver 130.0.6723.69 (3ec172b971b9478c515a58f591112c5c23fa4965-refs/branch-heads/6723@{#1452}) on port 45690
Only local connections are allowed.
Please see https://chromedriver.chromium.org/security-considerations for suggestions on keeping ChromeDriver safe.
ChromeDriver was started successfully on port 45690.
out 31, 2024 1:17:03 AM org.openqa.selenium.devtools.CdpVersionFinder findNearestMatch
WARNING: Unable to find CDP implementation matching 130
out 31, 2024 1:17:03 AM org.openqa.selenium.chromium.ChromiumDriver lambda$new$3
WARNING: Unable to find version of CDP to use for . You may need to include a dependency on a specific version of the CDP using something similar to `org.seleniumhq.selenium:selenium-devtools-v86:4.7.2` where the version ("v86") matches the version of the chromium-based browser you're using and the version number of the artifact is the same as Selenium's.
]]></system-err>
  </testcase>
  <testcase name="Removendo item do carrinho" classname="Funcionalidade de Checkout" time="10.136">
    <system-out><![CDATA[
@Checkout @CT03
Scenario: Removendo item do carrinho                                &amp#27;[90m# src/test/resources/features/Checkout.feature:25&amp#27;[0m
  &amp#27;[32mGiven &amp#27;[0m&amp#27;[32macessar sistema saucedemo&amp#27;[0m                                   &amp#27;[90m# steps.CheckoutSteps.acessarSistema()&amp#27;[0m
  &amp#27;[32mWhen &amp#27;[0m&amp#27;[32madiciono o primeiro item da pÃ¡gina ao carrinho&amp#27;[0m               &amp#27;[90m# steps.CheckoutSteps.adicionarSauceLabsBackpackAoCarrinho()&amp#27;[0m
  &amp#27;[32mAnd &amp#27;[0m&amp#27;[32macesso o carrinho e clico em checkout&amp#27;[0m                         &amp#27;[90m# steps.CheckoutSteps.acessarCarrinhoFazerndoCheckout()&amp#27;[0m
  &amp#27;[32mAnd &amp#27;[0m&amp#27;[32mclico em cancelar e retorno a tela anterior antes de encerrar&amp#27;[0m &amp#27;[90m# steps.CheckoutSteps.clicarCancelarAntesDeEncerrar()&amp#27;[0m
  &amp#27;[32mWhen &amp#27;[0m&amp#27;[32meu removo o item&amp#27;[0m                                             &amp#27;[90m# steps.CheckoutSteps.reomveItem()&amp#27;[0m
  &amp#27;[32mThen &amp#27;[0m&amp#27;[32mo carrinho tem sua quantidade atualizada&amp#27;[0m                     &amp#27;[90m# steps.CheckoutSteps.validaCarrinhoVazio()&amp#27;[0m
]]></system-out>
    <system-err><![CDATA[Starting ChromeDriver 130.0.6723.69 (3ec172b971b9478c515a58f591112c5c23fa4965-refs/branch-heads/6723@{#1452}) on port 43457
Only local connections are allowed.
Please see https://chromedriver.chromium.org/security-considerations for suggestions on keeping ChromeDriver safe.
ChromeDriver was started successfully on port 43457.
out 31, 2024 1:17:13 AM org.openqa.selenium.devtools.CdpVersionFinder findNearestMatch
WARNING: Unable to find CDP implementation matching 130
out 31, 2024 1:17:13 AM org.openqa.selenium.chromium.ChromiumDriver lambda$new$3
WARNING: Unable to find version of CDP to use for . You may need to include a dependency on a specific version of the CDP using something similar to `org.seleniumhq.selenium:selenium-devtools-v86:4.7.2` where the version ("v86") matches the version of the chromium-based browser you're using and the version number of the artifact is the same as Selenium's.
]]></system-err>
  </testcase>
  <testcase name="Retornar ao carrinho após clicar em checkout" classname="Funcionalidade de Checkout" time="7.515">
    <system-out><![CDATA[
@Checkout @CT04
Scenario: Retornar ao carrinho apÃ³s clicar em checkout &amp#27;[90m# src/test/resources/features/Checkout.feature:33&amp#27;[0m
  &amp#27;[32mGiven &amp#27;[0m&amp#27;[32macessar sistema saucedemo&amp#27;[0m                      &amp#27;[90m# steps.CheckoutSteps.acessarSistema()&amp#27;[0m
  &amp#27;[32mWhen &amp#27;[0m&amp#27;[32madiciono o primeiro item da pÃ¡gina ao carrinho&amp#27;[0m  &amp#27;[90m# steps.CheckoutSteps.adicionarSauceLabsBackpackAoCarrinho()&amp#27;[0m
  &amp#27;[32mAnd &amp#27;[0m&amp#27;[32macesso o carrinho e clico em checkout&amp#27;[0m            &amp#27;[90m# steps.CheckoutSteps.acessarCarrinhoFazerndoCheckout()&amp#27;[0m
  &amp#27;[32mThen &amp#27;[0m&amp#27;[32mclico em cancelar e retorno a tela anterior&amp#27;[0m     &amp#27;[90m# steps.CheckoutSteps.clicarCancelar()&amp#27;[0m
]]></system-out>
    <system-err><![CDATA[Starting ChromeDriver 130.0.6723.69 (3ec172b971b9478c515a58f591112c5c23fa4965-refs/branch-heads/6723@{#1452}) on port 11984
Only local connections are allowed.
Please see https://chromedriver.chromium.org/security-considerations for suggestions on keeping ChromeDriver safe.
ChromeDriver was started successfully on port 11984.
out 31, 2024 1:17:23 AM org.openqa.selenium.devtools.CdpVersionFinder findNearestMatch
WARNING: Unable to find CDP implementation matching 130
out 31, 2024 1:17:23 AM org.openqa.selenium.chromium.ChromiumDriver lambda$new$3
WARNING: Unable to find version of CDP to use for . You may need to include a dependency on a specific version of the CDP using something similar to `org.seleniumhq.selenium:selenium-devtools-v86:4.7.2` where the version ("v86") matches the version of the chromium-based browser you're using and the version number of the artifact is the same as Selenium's.
]]></system-err>
  </testcase>
  <testcase name="Revisão de pedido antes do checkout" classname="Funcionalidade de Checkout" time="10.276">
    <system-out><![CDATA[
@Checkout @CT05
Scenario: RevisÃ£o de pedido antes do checkout                                       &amp#27;[90m# src/test/resources/features/Checkout.feature:39&amp#27;[0m
  &amp#27;[32mGiven &amp#27;[0m&amp#27;[32macessar sistema saucedemo&amp#27;[0m                                                   &amp#27;[90m# steps.CheckoutSteps.acessarSistema()&amp#27;[0m
  &amp#27;[32mWhen &amp#27;[0m&amp#27;[32madiciono o primeiro item da pÃ¡gina ao carrinho&amp#27;[0m                               &amp#27;[90m# steps.CheckoutSteps.adicionarSauceLabsBackpackAoCarrinho()&amp#27;[0m
  &amp#27;[32mAnd &amp#27;[0m&amp#27;[32macesso o carrinho e clico em checkout&amp#27;[0m                                         &amp#27;[90m# steps.CheckoutSteps.acessarCarrinhoFazerndoCheckout()&amp#27;[0m
  &amp#27;[32mAnd &amp#27;[0m&amp#27;[32mpreencho no formulÃ¡rio de checkout nome, sobrenome, and cep com dados vÃ¡lidos&amp#27;[0m &amp#27;[90m# steps.CheckoutSteps.preencheFormularioCheckoutComDadosValidos()&amp#27;[0m
  &amp#27;[32mAnd &amp#27;[0m&amp#27;[32mclico em Continue&amp#27;[0m                                                             &amp#27;[90m# steps.CheckoutSteps.clicarContinuar()&amp#27;[0m
  &amp#27;[32mThen &amp#27;[0m&amp#27;[32mmostra o resumo das quantidades e valores&amp#27;[0m                                    &amp#27;[90m# steps.CheckoutSteps.validarTelaFinalComResumo()&amp#27;[0m
]]></system-out>
    <system-err><![CDATA[Starting ChromeDriver 130.0.6723.69 (3ec172b971b9478c515a58f591112c5c23fa4965-refs/branch-heads/6723@{#1452}) on port 39114
Only local connections are allowed.
Please see https://chromedriver.chromium.org/security-considerations for suggestions on keeping ChromeDriver safe.
ChromeDriver was started successfully on port 39114.
out 31, 2024 1:17:31 AM org.openqa.selenium.devtools.CdpVersionFinder findNearestMatch
WARNING: Unable to find CDP implementation matching 130
out 31, 2024 1:17:31 AM org.openqa.selenium.chromium.ChromiumDriver lambda$new$3
WARNING: Unable to find version of CDP to use for . You may need to include a dependency on a specific version of the CDP using something similar to `org.seleniumhq.selenium:selenium-devtools-v86:4.7.2` where the version ("v86") matches the version of the chromium-based browser you're using and the version number of the artifact is the same as Selenium's.
]]></system-err>
  </testcase>
</testsuite>